<?xml version="1.0" encoding="UTF-8"?>
<testsuite xmlns:xsi="http://www.w3.org/2001/XMLSchema-instance" xsi:noNamespaceSchemaLocation="https://maven.apache.org/surefire/maven-surefire-plugin/xsd/surefire-test-report.xsd" name="corp.sodimac.services.DadCloudApplicationTests" time="0.005" tests="0" errors="0" skipped="0" failures="0">
  <properties>
    <property name="sun.desktop" value="windows"/>
    <property name="awt.toolkit" value="sun.awt.windows.WToolkit"/>
    <property name="java.specification.version" value="9"/>
    <property name="file.encoding.pkg" value="sun.io"/>
    <property name="sun.cpu.isalist" value="amd64"/>
    <property name="sun.jnu.encoding" value="Cp1252"/>
    <property name="java.class.path" value="C:\POC\services\target\test-classes;C:\POC\services\target\classes;C:\Users\soportesodimac\.m2\repository\org\springframework\boot\spring-boot-starter-web\2.0.1.BUILD-SNAPSHOT\spring-boot-starter-web-2.0.1.BUILD-SNAPSHOT.jar;C:\Users\soportesodimac\.m2\repository\org\springframework\boot\spring-boot-starter\2.0.1.BUILD-SNAPSHOT\spring-boot-starter-2.0.1.BUILD-SNAPSHOT.jar;C:\Users\soportesodimac\.m2\repository\org\springframework\boot\spring-boot\2.0.1.BUILD-SNAPSHOT\spring-boot-2.0.1.BUILD-SNAPSHOT.jar;C:\Users\soportesodimac\.m2\repository\org\springframework\boot\spring-boot-autoconfigure\2.0.1.BUILD-SNAPSHOT\spring-boot-autoconfigure-2.0.1.BUILD-SNAPSHOT.jar;C:\Users\soportesodimac\.m2\repository\org\springframework\boot\spring-boot-starter-logging\2.0.1.BUILD-SNAPSHOT\spring-boot-starter-logging-2.0.1.BUILD-SNAPSHOT.jar;C:\Users\soportesodimac\.m2\repository\ch\qos\logback\logback-classic\1.2.3\logback-classic-1.2.3.jar;C:\Users\soportesodimac\.m2\repository\ch\qos\logback\logback-core\1.2.3\logback-core-1.2.3.jar;C:\Users\soportesodimac\.m2\repository\org\apache\logging\log4j\log4j-to-slf4j\2.10.0\log4j-to-slf4j-2.10.0.jar;C:\Users\soportesodimac\.m2\repository\org\apache\logging\log4j\log4j-api\2.10.0\log4j-api-2.10.0.jar;C:\Users\soportesodimac\.m2\repository\org\slf4j\jul-to-slf4j\1.7.25\jul-to-slf4j-1.7.25.jar;C:\Users\soportesodimac\.m2\repository\javax\annotation\javax.annotation-api\1.3.2\javax.annotation-api-1.3.2.jar;C:\Users\soportesodimac\.m2\repository\org\yaml\snakeyaml\1.19\snakeyaml-1.19.jar;C:\Users\soportesodimac\.m2\repository\org\springframework\boot\spring-boot-starter-json\2.0.1.BUILD-SNAPSHOT\spring-boot-starter-json-2.0.1.BUILD-SNAPSHOT.jar;C:\Users\soportesodimac\.m2\repository\com\fasterxml\jackson\core\jackson-databind\2.9.4\jackson-databind-2.9.4.jar;C:\Users\soportesodimac\.m2\repository\com\fasterxml\jackson\core\jackson-core\2.9.4\jackson-core-2.9.4.jar;C:\Users\soportesodimac\.m2\repository\com\fasterxml\jackson\datatype\jackson-datatype-jdk8\2.9.4\jackson-datatype-jdk8-2.9.4.jar;C:\Users\soportesodimac\.m2\repository\com\fasterxml\jackson\datatype\jackson-datatype-jsr310\2.9.4\jackson-datatype-jsr310-2.9.4.jar;C:\Users\soportesodimac\.m2\repository\com\fasterxml\jackson\module\jackson-module-parameter-names\2.9.4\jackson-module-parameter-names-2.9.4.jar;C:\Users\soportesodimac\.m2\repository\org\springframework\boot\spring-boot-starter-tomcat\2.0.1.BUILD-SNAPSHOT\spring-boot-starter-tomcat-2.0.1.BUILD-SNAPSHOT.jar;C:\Users\soportesodimac\.m2\repository\org\apache\tomcat\embed\tomcat-embed-core\8.5.29\tomcat-embed-core-8.5.29.jar;C:\Users\soportesodimac\.m2\repository\org\apache\tomcat\embed\tomcat-embed-el\8.5.29\tomcat-embed-el-8.5.29.jar;C:\Users\soportesodimac\.m2\repository\org\apache\tomcat\embed\tomcat-embed-websocket\8.5.29\tomcat-embed-websocket-8.5.29.jar;C:\Users\soportesodimac\.m2\repository\org\hibernate\validator\hibernate-validator\6.0.8.Final\hibernate-validator-6.0.8.Final.jar;C:\Users\soportesodimac\.m2\repository\javax\validation\validation-api\2.0.1.Final\validation-api-2.0.1.Final.jar;C:\Users\soportesodimac\.m2\repository\org\jboss\logging\jboss-logging\3.3.2.Final\jboss-logging-3.3.2.Final.jar;C:\Users\soportesodimac\.m2\repository\org\springframework\spring-web\5.0.5.BUILD-SNAPSHOT\spring-web-5.0.5.BUILD-SNAPSHOT.jar;C:\Users\soportesodimac\.m2\repository\org\springframework\spring-webmvc\5.0.5.BUILD-SNAPSHOT\spring-webmvc-5.0.5.BUILD-SNAPSHOT.jar;C:\Users\soportesodimac\.m2\repository\org\springframework\boot\spring-boot-starter-data-jpa\2.0.1.BUILD-SNAPSHOT\spring-boot-starter-data-jpa-2.0.1.BUILD-SNAPSHOT.jar;C:\Users\soportesodimac\.m2\repository\org\springframework\boot\spring-boot-starter-aop\2.0.1.BUILD-SNAPSHOT\spring-boot-starter-aop-2.0.1.BUILD-SNAPSHOT.jar;C:\Users\soportesodimac\.m2\repository\org\aspectj\aspectjweaver\1.8.13\aspectjweaver-1.8.13.jar;C:\Users\soportesodimac\.m2\repository\org\springframework\boot\spring-boot-starter-jdbc\2.0.1.BUILD-SNAPSHOT\spring-boot-starter-jdbc-2.0.1.BUILD-SNAPSHOT.jar;C:\Users\soportesodimac\.m2\repository\com\zaxxer\HikariCP\2.7.8\HikariCP-2.7.8.jar;C:\Users\soportesodimac\.m2\repository\org\hibernate\hibernate-core\5.2.16.Final\hibernate-core-5.2.16.Final.jar;C:\Users\soportesodimac\.m2\repository\org\hibernate\javax\persistence\hibernate-jpa-2.1-api\1.0.0.Final\hibernate-jpa-2.1-api-1.0.0.Final.jar;C:\Users\soportesodimac\.m2\repository\org\javassist\javassist\3.22.0-GA\javassist-3.22.0-GA.jar;C:\Users\soportesodimac\.m2\repository\antlr\antlr\2.7.7\antlr-2.7.7.jar;C:\Users\soportesodimac\.m2\repository\org\jboss\jandex\2.0.3.Final\jandex-2.0.3.Final.jar;C:\Users\soportesodimac\.m2\repository\dom4j\dom4j\1.6.1\dom4j-1.6.1.jar;C:\Users\soportesodimac\.m2\repository\org\hibernate\common\hibernate-commons-annotations\5.0.1.Final\hibernate-commons-annotations-5.0.1.Final.jar;C:\Users\soportesodimac\.m2\repository\javax\transaction\javax.transaction-api\1.2\javax.transaction-api-1.2.jar;C:\Users\soportesodimac\.m2\repository\org\springframework\data\spring-data-jpa\2.0.5.RELEASE\spring-data-jpa-2.0.5.RELEASE.jar;C:\Users\soportesodimac\.m2\repository\org\springframework\data\spring-data-commons\2.0.5.RELEASE\spring-data-commons-2.0.5.RELEASE.jar;C:\Users\soportesodimac\.m2\repository\org\springframework\spring-aspects\5.0.5.BUILD-SNAPSHOT\spring-aspects-5.0.5.BUILD-SNAPSHOT.jar;C:\Users\soportesodimac\.m2\repository\com\oracle\ojdbc7\12.1.0\ojdbc7-12.1.0.jar;C:\Users\soportesodimac\.m2\repository\org\springframework\boot\spring-boot-starter-undertow\2.0.1.BUILD-SNAPSHOT\spring-boot-starter-undertow-2.0.1.BUILD-SNAPSHOT.jar;C:\Users\soportesodimac\.m2\repository\io\undertow\undertow-core\1.4.23.Final\undertow-core-1.4.23.Final.jar;C:\Users\soportesodimac\.m2\repository\org\jboss\xnio\xnio-api\3.3.8.Final\xnio-api-3.3.8.Final.jar;C:\Users\soportesodimac\.m2\repository\org\jboss\xnio\xnio-nio\3.3.8.Final\xnio-nio-3.3.8.Final.jar;C:\Users\soportesodimac\.m2\repository\io\undertow\undertow-servlet\1.4.23.Final\undertow-servlet-1.4.23.Final.jar;C:\Users\soportesodimac\.m2\repository\org\jboss\spec\javax\annotation\jboss-annotations-api_1.2_spec\1.0.2.Final\jboss-annotations-api_1.2_spec-1.0.2.Final.jar;C:\Users\soportesodimac\.m2\repository\io\undertow\undertow-websockets-jsr\1.4.23.Final\undertow-websockets-jsr-1.4.23.Final.jar;C:\Users\soportesodimac\.m2\repository\org\jboss\spec\javax\websocket\jboss-websocket-api_1.1_spec\1.1.3.Final\jboss-websocket-api_1.1_spec-1.1.3.Final.jar;C:\Users\soportesodimac\.m2\repository\javax\servlet\javax.servlet-api\3.1.0\javax.servlet-api-3.1.0.jar;C:\Users\soportesodimac\.m2\repository\org\glassfish\javax.el\3.0.0\javax.el-3.0.0.jar;C:\Users\soportesodimac\.m2\repository\org\springframework\restdocs\spring-restdocs-mockmvc\2.0.0.RELEASE\spring-restdocs-mockmvc-2.0.0.RELEASE.jar;C:\Users\soportesodimac\.m2\repository\org\springframework\spring-test\5.0.5.BUILD-SNAPSHOT\spring-test-5.0.5.BUILD-SNAPSHOT.jar;C:\Users\soportesodimac\.m2\repository\org\springframework\restdocs\spring-restdocs-core\2.0.0.RELEASE\spring-restdocs-core-2.0.0.RELEASE.jar;C:\Users\soportesodimac\.m2\repository\org\springframework\spring-context\4.3.7.RELEASE\spring-context-4.3.7.RELEASE.jar;C:\Users\soportesodimac\.m2\repository\org\springframework\spring-aop\5.0.5.BUILD-SNAPSHOT\spring-aop-5.0.5.BUILD-SNAPSHOT.jar;C:\Users\soportesodimac\.m2\repository\org\springframework\spring-beans\5.0.5.BUILD-SNAPSHOT\spring-beans-5.0.5.BUILD-SNAPSHOT.jar;C:\Users\soportesodimac\.m2\repository\org\springframework\spring-core\5.0.5.BUILD-SNAPSHOT\spring-core-5.0.5.BUILD-SNAPSHOT.jar;C:\Users\soportesodimac\.m2\repository\org\springframework\spring-jcl\5.0.5.BUILD-SNAPSHOT\spring-jcl-5.0.5.BUILD-SNAPSHOT.jar;C:\Users\soportesodimac\.m2\repository\org\springframework\spring-expression\5.0.5.BUILD-SNAPSHOT\spring-expression-5.0.5.BUILD-SNAPSHOT.jar;C:\Users\soportesodimac\.m2\repository\org\springframework\spring-orm\4.3.7.RELEASE\spring-orm-4.3.7.RELEASE.jar;C:\Users\soportesodimac\.m2\repository\org\springframework\spring-jdbc\5.0.5.BUILD-SNAPSHOT\spring-jdbc-5.0.5.BUILD-SNAPSHOT.jar;C:\Users\soportesodimac\.m2\repository\org\springframework\spring-tx\5.0.5.BUILD-SNAPSHOT\spring-tx-5.0.5.BUILD-SNAPSHOT.jar;C:\Users\soportesodimac\.m2\repository\io\springfox\springfox-swagger2\2.7.0\springfox-swagger2-2.7.0.jar;C:\Users\soportesodimac\.m2\repository\io\swagger\swagger-annotations\1.5.13\swagger-annotations-1.5.13.jar;C:\Users\soportesodimac\.m2\repository\io\swagger\swagger-models\1.5.13\swagger-models-1.5.13.jar;C:\Users\soportesodimac\.m2\repository\com\fasterxml\jackson\core\jackson-annotations\2.9.0\jackson-annotations-2.9.0.jar;C:\Users\soportesodimac\.m2\repository\io\springfox\springfox-spi\2.7.0\springfox-spi-2.7.0.jar;C:\Users\soportesodimac\.m2\repository\io\springfox\springfox-core\2.7.0\springfox-core-2.7.0.jar;C:\Users\soportesodimac\.m2\repository\net\bytebuddy\byte-buddy\1.7.11\byte-buddy-1.7.11.jar;C:\Users\soportesodimac\.m2\repository\io\springfox\springfox-schema\2.7.0\springfox-schema-2.7.0.jar;C:\Users\soportesodimac\.m2\repository\io\springfox\springfox-swagger-common\2.7.0\springfox-swagger-common-2.7.0.jar;C:\Users\soportesodimac\.m2\repository\io\springfox\springfox-spring-web\2.7.0\springfox-spring-web-2.7.0.jar;C:\Users\soportesodimac\.m2\repository\org\reflections\reflections\0.9.11\reflections-0.9.11.jar;C:\Users\soportesodimac\.m2\repository\com\google\guava\guava\18.0\guava-18.0.jar;C:\Users\soportesodimac\.m2\repository\com\fasterxml\classmate\1.3.4\classmate-1.3.4.jar;C:\Users\soportesodimac\.m2\repository\org\slf4j\slf4j-api\1.7.25\slf4j-api-1.7.25.jar;C:\Users\soportesodimac\.m2\repository\org\springframework\plugin\spring-plugin-core\1.2.0.RELEASE\spring-plugin-core-1.2.0.RELEASE.jar;C:\Users\soportesodimac\.m2\repository\org\springframework\plugin\spring-plugin-metadata\1.2.0.RELEASE\spring-plugin-metadata-1.2.0.RELEASE.jar;C:\Users\soportesodimac\.m2\repository\org\mapstruct\mapstruct\1.1.0.Final\mapstruct-1.1.0.Final.jar;C:\Users\soportesodimac\.m2\repository\io\springfox\springfox-swagger-ui\2.7.0\springfox-swagger-ui-2.7.0.jar;"/>
    <property name="java.vm.vendor" value="Oracle Corporation"/>
    <property name="sun.arch.data.model" value="64"/>
    <property name="user.variant" value=""/>
    <property name="java.vendor.url" value="http://java.oracle.com/"/>
    <property name="user.timezone" value=""/>
    <property name="java.vm.specification.version" value="9"/>
    <property name="os.name" value="Windows 7"/>
    <property name="sun.java.launcher" value="SUN_STANDARD"/>
    <property name="user.country" value="CL"/>
    <property name="sun.boot.library.path" value="C:\Program Files\Java\jdk-9.0.4\bin"/>
    <property name="sun.java.command" value="C:\Users\SOPORT~1\AppData\Local\Temp\surefire18143087299317936749\surefirebooter1859653310035263764.jar C:\Users\soportesodimac\AppData\Local\Temp\surefire18143087299317936749 2018-03-25T13-10-50_082-jvmRun1 surefire6309872579056839351tmp surefire_04843317296613822748tmp"/>
    <property name="jdk.debug" value="release"/>
    <property name="surefire.test.class.path" value="C:\POC\services\target\test-classes;C:\POC\services\target\classes;C:\Users\soportesodimac\.m2\repository\org\springframework\boot\spring-boot-starter-web\2.0.1.BUILD-SNAPSHOT\spring-boot-starter-web-2.0.1.BUILD-SNAPSHOT.jar;C:\Users\soportesodimac\.m2\repository\org\springframework\boot\spring-boot-starter\2.0.1.BUILD-SNAPSHOT\spring-boot-starter-2.0.1.BUILD-SNAPSHOT.jar;C:\Users\soportesodimac\.m2\repository\org\springframework\boot\spring-boot\2.0.1.BUILD-SNAPSHOT\spring-boot-2.0.1.BUILD-SNAPSHOT.jar;C:\Users\soportesodimac\.m2\repository\org\springframework\boot\spring-boot-autoconfigure\2.0.1.BUILD-SNAPSHOT\spring-boot-autoconfigure-2.0.1.BUILD-SNAPSHOT.jar;C:\Users\soportesodimac\.m2\repository\org\springframework\boot\spring-boot-starter-logging\2.0.1.BUILD-SNAPSHOT\spring-boot-starter-logging-2.0.1.BUILD-SNAPSHOT.jar;C:\Users\soportesodimac\.m2\repository\ch\qos\logback\logback-classic\1.2.3\logback-classic-1.2.3.jar;C:\Users\soportesodimac\.m2\repository\ch\qos\logback\logback-core\1.2.3\logback-core-1.2.3.jar;C:\Users\soportesodimac\.m2\repository\org\apache\logging\log4j\log4j-to-slf4j\2.10.0\log4j-to-slf4j-2.10.0.jar;C:\Users\soportesodimac\.m2\repository\org\apache\logging\log4j\log4j-api\2.10.0\log4j-api-2.10.0.jar;C:\Users\soportesodimac\.m2\repository\org\slf4j\jul-to-slf4j\1.7.25\jul-to-slf4j-1.7.25.jar;C:\Users\soportesodimac\.m2\repository\javax\annotation\javax.annotation-api\1.3.2\javax.annotation-api-1.3.2.jar;C:\Users\soportesodimac\.m2\repository\org\yaml\snakeyaml\1.19\snakeyaml-1.19.jar;C:\Users\soportesodimac\.m2\repository\org\springframework\boot\spring-boot-starter-json\2.0.1.BUILD-SNAPSHOT\spring-boot-starter-json-2.0.1.BUILD-SNAPSHOT.jar;C:\Users\soportesodimac\.m2\repository\com\fasterxml\jackson\core\jackson-databind\2.9.4\jackson-databind-2.9.4.jar;C:\Users\soportesodimac\.m2\repository\com\fasterxml\jackson\core\jackson-core\2.9.4\jackson-core-2.9.4.jar;C:\Users\soportesodimac\.m2\repository\com\fasterxml\jackson\datatype\jackson-datatype-jdk8\2.9.4\jackson-datatype-jdk8-2.9.4.jar;C:\Users\soportesodimac\.m2\repository\com\fasterxml\jackson\datatype\jackson-datatype-jsr310\2.9.4\jackson-datatype-jsr310-2.9.4.jar;C:\Users\soportesodimac\.m2\repository\com\fasterxml\jackson\module\jackson-module-parameter-names\2.9.4\jackson-module-parameter-names-2.9.4.jar;C:\Users\soportesodimac\.m2\repository\org\springframework\boot\spring-boot-starter-tomcat\2.0.1.BUILD-SNAPSHOT\spring-boot-starter-tomcat-2.0.1.BUILD-SNAPSHOT.jar;C:\Users\soportesodimac\.m2\repository\org\apache\tomcat\embed\tomcat-embed-core\8.5.29\tomcat-embed-core-8.5.29.jar;C:\Users\soportesodimac\.m2\repository\org\apache\tomcat\embed\tomcat-embed-el\8.5.29\tomcat-embed-el-8.5.29.jar;C:\Users\soportesodimac\.m2\repository\org\apache\tomcat\embed\tomcat-embed-websocket\8.5.29\tomcat-embed-websocket-8.5.29.jar;C:\Users\soportesodimac\.m2\repository\org\hibernate\validator\hibernate-validator\6.0.8.Final\hibernate-validator-6.0.8.Final.jar;C:\Users\soportesodimac\.m2\repository\javax\validation\validation-api\2.0.1.Final\validation-api-2.0.1.Final.jar;C:\Users\soportesodimac\.m2\repository\org\jboss\logging\jboss-logging\3.3.2.Final\jboss-logging-3.3.2.Final.jar;C:\Users\soportesodimac\.m2\repository\org\springframework\spring-web\5.0.5.BUILD-SNAPSHOT\spring-web-5.0.5.BUILD-SNAPSHOT.jar;C:\Users\soportesodimac\.m2\repository\org\springframework\spring-webmvc\5.0.5.BUILD-SNAPSHOT\spring-webmvc-5.0.5.BUILD-SNAPSHOT.jar;C:\Users\soportesodimac\.m2\repository\org\springframework\boot\spring-boot-starter-data-jpa\2.0.1.BUILD-SNAPSHOT\spring-boot-starter-data-jpa-2.0.1.BUILD-SNAPSHOT.jar;C:\Users\soportesodimac\.m2\repository\org\springframework\boot\spring-boot-starter-aop\2.0.1.BUILD-SNAPSHOT\spring-boot-starter-aop-2.0.1.BUILD-SNAPSHOT.jar;C:\Users\soportesodimac\.m2\repository\org\aspectj\aspectjweaver\1.8.13\aspectjweaver-1.8.13.jar;C:\Users\soportesodimac\.m2\repository\org\springframework\boot\spring-boot-starter-jdbc\2.0.1.BUILD-SNAPSHOT\spring-boot-starter-jdbc-2.0.1.BUILD-SNAPSHOT.jar;C:\Users\soportesodimac\.m2\repository\com\zaxxer\HikariCP\2.7.8\HikariCP-2.7.8.jar;C:\Users\soportesodimac\.m2\repository\org\hibernate\hibernate-core\5.2.16.Final\hibernate-core-5.2.16.Final.jar;C:\Users\soportesodimac\.m2\repository\org\hibernate\javax\persistence\hibernate-jpa-2.1-api\1.0.0.Final\hibernate-jpa-2.1-api-1.0.0.Final.jar;C:\Users\soportesodimac\.m2\repository\org\javassist\javassist\3.22.0-GA\javassist-3.22.0-GA.jar;C:\Users\soportesodimac\.m2\repository\antlr\antlr\2.7.7\antlr-2.7.7.jar;C:\Users\soportesodimac\.m2\repository\org\jboss\jandex\2.0.3.Final\jandex-2.0.3.Final.jar;C:\Users\soportesodimac\.m2\repository\dom4j\dom4j\1.6.1\dom4j-1.6.1.jar;C:\Users\soportesodimac\.m2\repository\org\hibernate\common\hibernate-commons-annotations\5.0.1.Final\hibernate-commons-annotations-5.0.1.Final.jar;C:\Users\soportesodimac\.m2\repository\javax\transaction\javax.transaction-api\1.2\javax.transaction-api-1.2.jar;C:\Users\soportesodimac\.m2\repository\org\springframework\data\spring-data-jpa\2.0.5.RELEASE\spring-data-jpa-2.0.5.RELEASE.jar;C:\Users\soportesodimac\.m2\repository\org\springframework\data\spring-data-commons\2.0.5.RELEASE\spring-data-commons-2.0.5.RELEASE.jar;C:\Users\soportesodimac\.m2\repository\org\springframework\spring-aspects\5.0.5.BUILD-SNAPSHOT\spring-aspects-5.0.5.BUILD-SNAPSHOT.jar;C:\Users\soportesodimac\.m2\repository\com\oracle\ojdbc7\12.1.0\ojdbc7-12.1.0.jar;C:\Users\soportesodimac\.m2\repository\org\springframework\boot\spring-boot-starter-undertow\2.0.1.BUILD-SNAPSHOT\spring-boot-starter-undertow-2.0.1.BUILD-SNAPSHOT.jar;C:\Users\soportesodimac\.m2\repository\io\undertow\undertow-core\1.4.23.Final\undertow-core-1.4.23.Final.jar;C:\Users\soportesodimac\.m2\repository\org\jboss\xnio\xnio-api\3.3.8.Final\xnio-api-3.3.8.Final.jar;C:\Users\soportesodimac\.m2\repository\org\jboss\xnio\xnio-nio\3.3.8.Final\xnio-nio-3.3.8.Final.jar;C:\Users\soportesodimac\.m2\repository\io\undertow\undertow-servlet\1.4.23.Final\undertow-servlet-1.4.23.Final.jar;C:\Users\soportesodimac\.m2\repository\org\jboss\spec\javax\annotation\jboss-annotations-api_1.2_spec\1.0.2.Final\jboss-annotations-api_1.2_spec-1.0.2.Final.jar;C:\Users\soportesodimac\.m2\repository\io\undertow\undertow-websockets-jsr\1.4.23.Final\undertow-websockets-jsr-1.4.23.Final.jar;C:\Users\soportesodimac\.m2\repository\org\jboss\spec\javax\websocket\jboss-websocket-api_1.1_spec\1.1.3.Final\jboss-websocket-api_1.1_spec-1.1.3.Final.jar;C:\Users\soportesodimac\.m2\repository\javax\servlet\javax.servlet-api\3.1.0\javax.servlet-api-3.1.0.jar;C:\Users\soportesodimac\.m2\repository\org\glassfish\javax.el\3.0.0\javax.el-3.0.0.jar;C:\Users\soportesodimac\.m2\repository\org\springframework\restdocs\spring-restdocs-mockmvc\2.0.0.RELEASE\spring-restdocs-mockmvc-2.0.0.RELEASE.jar;C:\Users\soportesodimac\.m2\repository\org\springframework\spring-test\5.0.5.BUILD-SNAPSHOT\spring-test-5.0.5.BUILD-SNAPSHOT.jar;C:\Users\soportesodimac\.m2\repository\org\springframework\restdocs\spring-restdocs-core\2.0.0.RELEASE\spring-restdocs-core-2.0.0.RELEASE.jar;C:\Users\soportesodimac\.m2\repository\org\springframework\spring-context\4.3.7.RELEASE\spring-context-4.3.7.RELEASE.jar;C:\Users\soportesodimac\.m2\repository\org\springframework\spring-aop\5.0.5.BUILD-SNAPSHOT\spring-aop-5.0.5.BUILD-SNAPSHOT.jar;C:\Users\soportesodimac\.m2\repository\org\springframework\spring-beans\5.0.5.BUILD-SNAPSHOT\spring-beans-5.0.5.BUILD-SNAPSHOT.jar;C:\Users\soportesodimac\.m2\repository\org\springframework\spring-core\5.0.5.BUILD-SNAPSHOT\spring-core-5.0.5.BUILD-SNAPSHOT.jar;C:\Users\soportesodimac\.m2\repository\org\springframework\spring-jcl\5.0.5.BUILD-SNAPSHOT\spring-jcl-5.0.5.BUILD-SNAPSHOT.jar;C:\Users\soportesodimac\.m2\repository\org\springframework\spring-expression\5.0.5.BUILD-SNAPSHOT\spring-expression-5.0.5.BUILD-SNAPSHOT.jar;C:\Users\soportesodimac\.m2\repository\org\springframework\spring-orm\4.3.7.RELEASE\spring-orm-4.3.7.RELEASE.jar;C:\Users\soportesodimac\.m2\repository\org\springframework\spring-jdbc\5.0.5.BUILD-SNAPSHOT\spring-jdbc-5.0.5.BUILD-SNAPSHOT.jar;C:\Users\soportesodimac\.m2\repository\org\springframework\spring-tx\5.0.5.BUILD-SNAPSHOT\spring-tx-5.0.5.BUILD-SNAPSHOT.jar;C:\Users\soportesodimac\.m2\repository\io\springfox\springfox-swagger2\2.7.0\springfox-swagger2-2.7.0.jar;C:\Users\soportesodimac\.m2\repository\io\swagger\swagger-annotations\1.5.13\swagger-annotations-1.5.13.jar;C:\Users\soportesodimac\.m2\repository\io\swagger\swagger-models\1.5.13\swagger-models-1.5.13.jar;C:\Users\soportesodimac\.m2\repository\com\fasterxml\jackson\core\jackson-annotations\2.9.0\jackson-annotations-2.9.0.jar;C:\Users\soportesodimac\.m2\repository\io\springfox\springfox-spi\2.7.0\springfox-spi-2.7.0.jar;C:\Users\soportesodimac\.m2\repository\io\springfox\springfox-core\2.7.0\springfox-core-2.7.0.jar;C:\Users\soportesodimac\.m2\repository\net\bytebuddy\byte-buddy\1.7.11\byte-buddy-1.7.11.jar;C:\Users\soportesodimac\.m2\repository\io\springfox\springfox-schema\2.7.0\springfox-schema-2.7.0.jar;C:\Users\soportesodimac\.m2\repository\io\springfox\springfox-swagger-common\2.7.0\springfox-swagger-common-2.7.0.jar;C:\Users\soportesodimac\.m2\repository\io\springfox\springfox-spring-web\2.7.0\springfox-spring-web-2.7.0.jar;C:\Users\soportesodimac\.m2\repository\org\reflections\reflections\0.9.11\reflections-0.9.11.jar;C:\Users\soportesodimac\.m2\repository\com\google\guava\guava\18.0\guava-18.0.jar;C:\Users\soportesodimac\.m2\repository\com\fasterxml\classmate\1.3.4\classmate-1.3.4.jar;C:\Users\soportesodimac\.m2\repository\org\slf4j\slf4j-api\1.7.25\slf4j-api-1.7.25.jar;C:\Users\soportesodimac\.m2\repository\org\springframework\plugin\spring-plugin-core\1.2.0.RELEASE\spring-plugin-core-1.2.0.RELEASE.jar;C:\Users\soportesodimac\.m2\repository\org\springframework\plugin\spring-plugin-metadata\1.2.0.RELEASE\spring-plugin-metadata-1.2.0.RELEASE.jar;C:\Users\soportesodimac\.m2\repository\org\mapstruct\mapstruct\1.1.0.Final\mapstruct-1.1.0.Final.jar;C:\Users\soportesodimac\.m2\repository\io\springfox\springfox-swagger-ui\2.7.0\springfox-swagger-ui-2.7.0.jar;"/>
    <property name="sun.cpu.endian" value="little"/>
    <property name="user.home" value="C:\Users\soportesodimac"/>
    <property name="user.language" value="es"/>
    <property name="java.specification.vendor" value="Oracle Corporation"/>
    <property name="java.home" value="C:\Program Files\Java\jdk-9.0.4"/>
    <property name="file.separator" value="\"/>
    <property name="basedir" value="C:\POC\services"/>
    <property name="java.vm.compressedOopsMode" value="Zero based"/>
    <property name="line.separator" value="&#10;"/>
    <property name="java.vm.specification.vendor" value="Oracle Corporation"/>
    <property name="java.specification.name" value="Java Platform API Specification"/>
    <property name="java.awt.graphicsenv" value="sun.awt.Win32GraphicsEnvironment"/>
    <property name="surefire.real.class.path" value="C:\Users\SOPORT~1\AppData\Local\Temp\surefire18143087299317936749\surefirebooter1859653310035263764.jar"/>
    <property name="user.script" value=""/>
    <property name="sun.management.compiler" value="HotSpot 64-Bit Tiered Compilers"/>
    <property name="java.runtime.version" value="9.0.4+11"/>
    <property name="user.name" value="soportesodimac"/>
    <property name="path.separator" value=";"/>
    <property name="os.version" value="6.1"/>
    <property name="java.runtime.name" value="Java(TM) SE Runtime Environment"/>
    <property name="file.encoding" value="Cp1252"/>
    <property name="java.vm.name" value="Java HotSpot(TM) 64-Bit Server VM"/>
    <property name="localRepository" value="C:\Users\soportesodimac\.m2\repository"/>
    <property name="java.vendor.url.bug" value="http://bugreport.java.com/bugreport/"/>
    <property name="java.io.tmpdir" value="C:\Users\SOPORT~1\AppData\Local\Temp\"/>
    <property name="java.version" value="9.0.4"/>
    <property name="user.dir" value="C:\POC\services"/>
    <property name="os.arch" value="amd64"/>
    <property name="java.vm.specification.name" value="Java Virtual Machine Specification"/>
    <property name="java.awt.printerjob" value="sun.awt.windows.WPrinterJob"/>
    <property name="sun.os.patch.level" value="Service Pack 1"/>
    <property name="java.library.path" value="C:\Program Files\Java\jdk-9.0.4\bin;C:\Windows\Sun\Java\bin;C:\Windows\system32;C:\Windows;C:\ProgramData\Oracle\Java\javapath;C:\Windows\system32;C:\Windows;C:\Windows\System32\Wbem;C:\Windows\System32\WindowsPowerShell\v1.0\;C:\Program Files (x86)\ATI Technologies\ATI.ACE\Core-Static;C:\Program Files\Intel\WiFi\bin\;C:\Program Files\Common Files\Intel\WirelessCommon\;C:\Program Files\TortoiseSVN\bin;C:\Program Files\PuTTY\;C:\Program Files\Cloud Foundry;C:\apache-maven-3.5.2\bin;C:\Program Files\Git\cmd;;C:\Program Files\Microsoft VS Code\bin;."/>
    <property name="java.vm.info" value="mixed mode"/>
    <property name="java.vendor" value="Oracle Corporation"/>
    <property name="java.vm.version" value="9.0.4+11"/>
    <property name="sun.io.unicode.encoding" value="UnicodeLittle"/>
    <property name="java.class.version" value="53.0"/>
  </properties>
</testsuite>